<?xml version="1.0" encoding="UTF-8"?>
<!-- Generated by org.testng.reporters.JUnitReportReporter -->
<testsuite hostname="SURYA" failures="0" tests="1" name="SimpleProject.SimpleProject.Demo" time="29.406" errors="0" timestamp="2023-12-19T11:17:11 IST" skipped="0">
  <testcase classname="SimpleProject.SimpleProject.Demo" name="setup" time="29.406"/>
</testsuite> <!-- SimpleProject.SimpleProject.Demo -->
