<?xml version="1.0" encoding="UTF-8"?>
<!-- Generated by org.testng.reporters.JUnitReportReporter -->
<testsuite hostname="SURYA" failures="0" tests="1" name="SimpleProject.SimpleProject.Demo" time="23.329" errors="0" timestamp="2023-12-18T17:02:13 IST" skipped="0">
  <testcase classname="SimpleProject.SimpleProject.Demo" name="setup" time="23.329"/>
</testsuite> <!-- SimpleProject.SimpleProject.Demo -->
