<?xml version="1.0" encoding="UTF-8"?>
<!-- Generated by org.testng.reporters.JUnitReportReporter -->
<testsuite hostname="SURYA" failures="0" tests="1" name="SimpleProject.SimpleProject.AppTest" time="0.004" errors="0" timestamp="2023-12-18T16:34:58 IST" skipped="0">
  <testcase classname="SimpleProject.SimpleProject.AppTest" name="shouldAnswerWithTrue" time="0.004"/>
</testsuite> <!-- SimpleProject.SimpleProject.AppTest -->
